<?xml version="1.0" encoding="UTF-8"?>
<!-- Generated by org.testng.reporters.JUnitReportReporter -->
<testsuite hostname="DESKTOP-I59386F" failures="0" tests="1" name="test.Tc2Test" time="0.023" errors="0" timestamp="2023-10-05T18:35:59 IST" skipped="0">
  <testcase classname="test.Tc2Test" name="m2" time="0.023"/>
  <system-out>
    <![CDATA[Tc2 Running]]>
  </system-out>
</testsuite> <!-- test.Tc2Test -->
