<?xml version="1.0" encoding="UTF-8"?>
<!-- Generated by org.testng.reporters.JUnitReportReporter -->
<testsuite hostname="DESKTOP-I59386F" failures="0" tests="1" name="test.Tc1Test" time="0.013" errors="0" timestamp="2023-10-01T13:48:39 IST" skipped="0">
  <testcase classname="test.Tc1Test" name="m1" time="0.013"/>
  <system-out>
    <![CDATA[Tc1 Running]]>
  </system-out>
</testsuite> <!-- test.Tc1Test -->
