<?xml version="1.0" encoding="UTF-8"?>
<!-- Generated by org.testng.reporters.JUnitReportReporter -->
<testsuite hostname="DESKTOP-I59386F" failures="0" tests="1" name="test.Tc3" time="0.002" errors="0" timestamp="2023-10-01T13:48:39 IST" skipped="0">
  <testcase classname="test.Tc3" name="m3" time="0.002"/>
  <system-out>
    <![CDATA[Tc3 Running]]>
  </system-out>
</testsuite> <!-- test.Tc3 -->
